[ 2017-09-04T09:25:02+08:00 ] 10.10.12.232 /
INFO: [ app_init ] --START--
INFO: Run Behavior\BuildLiteBehavior [ RunTime:0.000000s ]
INFO: [ app_init ] --END-- [ RunTime:0.002000s ]
INFO: [ app_begin ] --START--
INFO: Run Behavior\ReadHtmlCacheBehavior [ RunTime:0.002000s ]
INFO: [ app_begin ] --END-- [ RunTime:0.003000s ]
NOTIC: [2] Declaration of Home\Controller\IndexController::fetch() should be compatible with Think\Controller::fetch($templateFile = '', $content = '', $prefix = '') E:\upupw\htdocs\webupload\Application\Home\Controller\IndexController.class.php 第 175 行.
INFO: [ view_parse ] --START--
INFO: [ template_filter ] --START--
INFO: Run Behavior\ContentReplaceBehavior [ RunTime:0.000000s ]
INFO: [ template_filter ] --END-- [ RunTime:0.000000s ]
NOTIC: [8] Undefined index: extras E:\upupw\htdocs\webupload\Application\Common\Common\function.php 第 252 行.
NOTIC: [8] Undefined index: extras E:\upupw\htdocs\webupload\Application\Common\Common\function.php 第 339 行.
NOTIC: [8] Undefined index: dest_dir E:\upupw\htdocs\webupload\Application\Common\Common\function.php 第 391 行.
INFO: Run Behavior\ParseTemplateBehavior [ RunTime:0.062003s ]
INFO: [ view_parse ] --END-- [ RunTime:0.062003s ]
INFO: [ view_filter ] --START--
INFO: Run Behavior\WriteHtmlCacheBehavior [ RunTime:0.011001s ]
INFO: [ view_filter ] --END-- [ RunTime:0.011001s ]
INFO: [ app_end ] --START--
INFO: Run Behavior\ShowPageTraceBehavior [ RunTime:0.004000s ]
INFO: [ app_end ] --END-- [ RunTime:0.004000s ]

