[ 2017-08-28T13:17:59+08:00 ] 127.0.0.1 /webupload/222index.php?c=utility&a=file&do=local&type=audio&pagesize=5&page=1
INFO: [ app_init ] --START--
INFO: Run Behavior\BuildLiteBehavior [ RunTime:0.000000s ]
INFO: [ app_init ] --END-- [ RunTime:0.000000s ]
ERR: 无法加载模块:222index

[ 2017-08-28T15:12:51+08:00 ] 127.0.0.1 /webupload/Upload/2017-08-28/59a3c273c3ec4.png
INFO: [ app_init ] --START--
INFO: Run Behavior\BuildLiteBehavior [ RunTime:0.000000s ]
INFO: [ app_init ] --END-- [ RunTime:0.000000s ]
ERR: 无法加载模块:Upload

[ 2017-08-28T15:13:08+08:00 ] 127.0.0.1 /webupload/Upload/2017-08-28/59a3c273c3ec4.png
INFO: [ app_init ] --START--
INFO: Run Behavior\BuildLiteBehavior [ RunTime:0.000000s ]
INFO: [ app_init ] --END-- [ RunTime:0.000000s ]
ERR: 无法加载模块:Upload

[ 2017-08-28T15:49:08+08:00 ] 127.0.0.1 /webupload/Uploads/2017-08-28/59a3caf4ccd6b.png
INFO: [ app_init ] --START--
INFO: Run Behavior\BuildLiteBehavior [ RunTime:0.000000s ]
INFO: [ app_init ] --END-- [ RunTime:0.001000s ]
ERR: 无法加载模块:Uploads

[ 2017-08-28T15:49:22+08:00 ] 127.0.0.1 /webupload/Uploads/2017-08-28/59a3caf4ccd6b.png
INFO: [ app_init ] --START--
INFO: Run Behavior\BuildLiteBehavior [ RunTime:0.000000s ]
INFO: [ app_init ] --END-- [ RunTime:0.000000s ]
ERR: 无法加载模块:Uploads

[ 2017-08-28T16:38:44+08:00 ] 127.0.0.1 /webupload/Uploads/image/2017-08-28/59a3d69433131.jpg
INFO: [ app_init ] --START--
INFO: Run Behavior\BuildLiteBehavior [ RunTime:0.000000s ]
INFO: [ app_init ] --END-- [ RunTime:0.000000s ]
ERR: 无法加载模块:Uploads

[ 2017-08-28T16:43:56+08:00 ] 127.0.0.1 /webupload/Uploads/image/2017-08-28/59a3d7cba299f.jpg
INFO: [ app_init ] --START--
INFO: Run Behavior\BuildLiteBehavior [ RunTime:0.000000s ]
INFO: [ app_init ] --END-- [ RunTime:0.000000s ]
ERR: 无法加载模块:Uploads

[ 2017-08-28T16:45:04+08:00 ] 127.0.0.1 /webupload/Uploads/image/2017-08-28/59a3d80e7bbd6.jpg
INFO: [ app_init ] --START--
INFO: Run Behavior\BuildLiteBehavior [ RunTime:0.000000s ]
INFO: [ app_init ] --END-- [ RunTime:0.000000s ]
ERR: 无法加载模块:Uploads

[ 2017-08-28T17:47:04+08:00 ] 127.0.0.1 /webupload/json_encode($error)
INFO: [ app_init ] --START--
INFO: Run Behavior\BuildLiteBehavior [ RunTime:0.000000s ]
INFO: [ app_init ] --END-- [ RunTime:0.000000s ]
ERR: 无法加载模块:Json_encode($error)

[ 2017-08-28T17:47:16+08:00 ] 127.0.0.1 /webupload/json_encode($error)
INFO: [ app_init ] --START--
INFO: Run Behavior\BuildLiteBehavior [ RunTime:0.000000s ]
INFO: [ app_init ] --END-- [ RunTime:0.000000s ]
ERR: 无法加载模块:Json_encode($error)

